\BOOKMARK [0][-]{chapter.1}{\376\377\0001\000\040\000N\000a\000m\000e\000s\000p\000a\000c\000e\000\040\000I\000n\000d\000e\000x}{}% 1
\BOOKMARK [1][-]{section.1.1}{\376\377\0001\000.\0001\000\040\000N\000a\000m\000e\000s\000p\000a\000c\000e\000\040\000L\000i\000s\000t}{chapter.1}% 2
\BOOKMARK [0][-]{chapter.2}{\376\377\0002\000\040\000C\000l\000a\000s\000s\000\040\000I\000n\000d\000e\000x}{}% 3
\BOOKMARK [1][-]{section.2.1}{\376\377\0002\000.\0001\000\040\000C\000l\000a\000s\000s\000\040\000L\000i\000s\000t}{chapter.2}% 4
\BOOKMARK [0][-]{chapter.3}{\376\377\0003\000\040\000F\000i\000l\000e\000\040\000I\000n\000d\000e\000x}{}% 5
\BOOKMARK [1][-]{section.3.1}{\376\377\0003\000.\0001\000\040\000F\000i\000l\000e\000\040\000L\000i\000s\000t}{chapter.3}% 6
\BOOKMARK [0][-]{chapter.4}{\376\377\0004\000\040\000N\000a\000m\000e\000s\000p\000a\000c\000e\000\040\000D\000o\000c\000u\000m\000e\000n\000t\000a\000t\000i\000o\000n}{}% 7
\BOOKMARK [1][-]{section.4.1}{\376\377\0004\000.\0001\000\040\000M\000a\000i\000n\000\040\000N\000a\000m\000e\000s\000p\000a\000c\000e\000\040\000R\000e\000f\000e\000r\000e\000n\000c\000e}{chapter.4}% 8
\BOOKMARK [2][-]{subsection.4.1.1}{\376\377\0004\000.\0001\000.\0001\000\040\000V\000a\000r\000i\000a\000b\000l\000e\000\040\000D\000o\000c\000u\000m\000e\000n\000t\000a\000t\000i\000o\000n}{section.4.1}% 9
\BOOKMARK [3][-]{subsubsection.4.1.1.1}{\376\377\0004\000.\0001\000.\0001\000.\0001\000\040\000c\000o\000n\000t\000r\000o\000l}{subsection.4.1.1}% 10
\BOOKMARK [3][-]{subsubsection.4.1.1.2}{\376\377\0004\000.\0001\000.\0001\000.\0002\000\040\000e\0001}{subsection.4.1.1}% 11
\BOOKMARK [3][-]{subsubsection.4.1.1.3}{\376\377\0004\000.\0001\000.\0001\000.\0003\000\040\000e\0002}{subsection.4.1.1}% 12
\BOOKMARK [3][-]{subsubsection.4.1.1.4}{\376\377\0004\000.\0001\000.\0001\000.\0004\000\040\000p\000h\000a\000s\000e}{subsection.4.1.1}% 13
\BOOKMARK [3][-]{subsubsection.4.1.1.5}{\376\377\0004\000.\0001\000.\0001\000.\0005\000\040\000t\000i\000m\000e\0001}{subsection.4.1.1}% 14
\BOOKMARK [3][-]{subsubsection.4.1.1.6}{\376\377\0004\000.\0001\000.\0001\000.\0006\000\040\000v}{subsection.4.1.1}% 15
\BOOKMARK [1][-]{section.4.2}{\376\377\0004\000.\0002\000\040\000V\000i\000e\000w\000e\000r\000\040\000N\000a\000m\000e\000s\000p\000a\000c\000e\000\040\000R\000e\000f\000e\000r\000e\000n\000c\000e}{chapter.4}% 16
\BOOKMARK [0][-]{chapter.5}{\376\377\0005\000\040\000C\000l\000a\000s\000s\000\040\000D\000o\000c\000u\000m\000e\000n\000t\000a\000t\000i\000o\000n}{}% 17
\BOOKMARK [1][-]{section.5.1}{\376\377\0005\000.\0001\000\040\000V\000i\000e\000w\000e\000r\000.\000V\000i\000e\000w\000e\000r\000\040\000C\000l\000a\000s\000s\000\040\000R\000e\000f\000e\000r\000e\000n\000c\000e}{chapter.5}% 18
\BOOKMARK [2][-]{subsection.5.1.1}{\376\377\0005\000.\0001\000.\0001\000\040\000D\000e\000t\000a\000i\000l\000e\000d\000\040\000D\000e\000s\000c\000r\000i\000p\000t\000i\000o\000n}{section.5.1}% 19
\BOOKMARK [2][-]{subsection.5.1.2}{\376\377\0005\000.\0001\000.\0002\000\040\000C\000o\000n\000s\000t\000r\000u\000c\000t\000o\000r\000\040\000\046\000\040\000D\000e\000s\000t\000r\000u\000c\000t\000o\000r\000\040\000D\000o\000c\000u\000m\000e\000n\000t\000a\000t\000i\000o\000n}{section.5.1}% 20
\BOOKMARK [3][-]{subsubsection.5.1.2.1}{\376\377\0005\000.\0001\000.\0002\000.\0001\000\040\000\137\000\137\000i\000n\000i\000t\000\137\000\137\000\050\000\051}{subsection.5.1.2}% 21
\BOOKMARK [2][-]{subsection.5.1.3}{\376\377\0005\000.\0001\000.\0003\000\040\000M\000e\000m\000b\000e\000r\000\040\000F\000u\000n\000c\000t\000i\000o\000n\000\040\000D\000o\000c\000u\000m\000e\000n\000t\000a\000t\000i\000o\000n}{section.5.1}% 22
\BOOKMARK [3][-]{subsubsection.5.1.3.1}{\376\377\0005\000.\0001\000.\0003\000.\0001\000\040\000a\000d\000a\000p\000t\000\137\000d\000e\000p\000t\000h\000\137\000c\000l\000i\000p\000p\000i\000n\000g\000\050\000\051}{subsection.5.1.3}% 23
\BOOKMARK [3][-]{subsubsection.5.1.3.2}{\376\377\0005\000.\0001\000.\0003\000.\0002\000\040\000P\000a\000r\000a\000m\000e\000t\000e\000r\000s}{subsection.5.1.3}% 24
\BOOKMARK [3][-]{subsubsection.5.1.3.3}{\376\377\0005\000.\0001\000.\0003\000.\0003\000\040\000R\000e\000t\000u\000r\000n\000s}{subsection.5.1.3}% 25
\BOOKMARK [3][-]{subsubsection.5.1.3.4}{\376\377\0005\000.\0001\000.\0003\000.\0004\000\040\000c\000a\000n\000n\000y\000\137\000e\000d\000g\000e\000\050\000\051}{subsection.5.1.3}% 26
\BOOKMARK [3][-]{subsubsection.5.1.3.5}{\376\377\0005\000.\0001\000.\0003\000.\0005\000\040\000P\000a\000r\000a\000m\000e\000t\000e\000r\000s}{subsection.5.1.3}% 27
\BOOKMARK [3][-]{subsubsection.5.1.3.6}{\376\377\0005\000.\0001\000.\0003\000.\0006\000\040\000R\000e\000t\000u\000r\000n\000s}{subsection.5.1.3}% 28
\BOOKMARK [3][-]{subsubsection.5.1.3.7}{\376\377\0005\000.\0001\000.\0003\000.\0007\000\040\000c\000h\000e\000c\000k\000\137\000z\000\137\000o\000r\000i\000e\000n\000t\000a\000t\000i\000o\000n\000\050\000\051}{subsection.5.1.3}% 29
\BOOKMARK [3][-]{subsubsection.5.1.3.8}{\376\377\0005\000.\0001\000.\0003\000.\0008\000\040\000P\000a\000r\000a\000m\000e\000t\000e\000r\000s}{subsection.5.1.3}% 30
\BOOKMARK [3][-]{subsubsection.5.1.3.9}{\376\377\0005\000.\0001\000.\0003\000.\0009\000\040\000d\000e\000p\000r\000o\000j\000\137\000t\000o\000\137\000p\000t\000\050\000\051}{subsection.5.1.3}% 31
\BOOKMARK [3][-]{subsubsection.5.1.3.10}{\376\377\0005\000.\0001\000.\0003\000.\0001\0000\000\040\000P\000a\000r\000a\000m\000e\000t\000e\000r\000s}{subsection.5.1.3}% 32
\BOOKMARK [3][-]{subsubsection.5.1.3.11}{\376\377\0005\000.\0001\000.\0003\000.\0001\0001\000\040\000R\000e\000t\000u\000r\000n\000s}{subsection.5.1.3}% 33
\BOOKMARK [3][-]{subsubsection.5.1.3.12}{\376\377\0005\000.\0001\000.\0003\000.\0001\0002\000\040\000d\000r\000a\000w\000\137\000r\000o\000i\000\050\000\051}{subsection.5.1.3}% 34
\BOOKMARK [3][-]{subsubsection.5.1.3.13}{\376\377\0005\000.\0001\000.\0003\000.\0001\0003\000\040\000P\000a\000r\000a\000m\000e\000t\000e\000r\000s}{subsection.5.1.3}% 35
\BOOKMARK [3][-]{subsubsection.5.1.3.14}{\376\377\0005\000.\0001\000.\0003\000.\0001\0004\000\040\000R\000e\000t\000u\000r\000n\000s}{subsection.5.1.3}% 36
\BOOKMARK [3][-]{subsubsection.5.1.3.15}{\376\377\0005\000.\0001\000.\0003\000.\0001\0005\000\040\000f\000i\000n\000d\000\137\000c\000o\000n\000t\000o\000u\000r\000s\000\050\000\051}{subsection.5.1.3}% 37
\BOOKMARK [3][-]{subsubsection.5.1.3.16}{\376\377\0005\000.\0001\000.\0003\000.\0001\0006\000\040\000P\000a\000r\000a\000m\000e\000t\000e\000r\000s}{subsection.5.1.3}% 38
\BOOKMARK [3][-]{subsubsection.5.1.3.17}{\376\377\0005\000.\0001\000.\0003\000.\0001\0007\000\040\000R\000e\000t\000u\000r\000n\000s}{subsection.5.1.3}% 39
\BOOKMARK [3][-]{subsubsection.5.1.3.18}{\376\377\0005\000.\0001\000.\0003\000.\0001\0008\000\040\000g\000e\000t\000\137\000c\000o\000l\000o\000u\000r\000\050\000\051}{subsection.5.1.3}% 40
\BOOKMARK [3][-]{subsubsection.5.1.3.19}{\376\377\0005\000.\0001\000.\0003\000.\0001\0009\000\040\000P\000a\000r\000a\000m\000e\000t\000e\000r\000s}{subsection.5.1.3}% 41
\BOOKMARK [3][-]{subsubsection.5.1.3.20}{\376\377\0005\000.\0001\000.\0003\000.\0002\0000\000\040\000R\000e\000t\000u\000r\000n\000s}{subsection.5.1.3}% 42
\BOOKMARK [3][-]{subsubsection.5.1.3.21}{\376\377\0005\000.\0001\000.\0003\000.\0002\0001\000\040\000g\000e\000t\000\137\000d\000e\000p\000l\000o\000y\000m\000e\000n\000t\000\137\000c\000o\000o\000r\000d\000s\000\050\000\051}{subsection.5.1.3}% 43
\BOOKMARK [3][-]{subsubsection.5.1.3.22}{\376\377\0005\000.\0001\000.\0003\000.\0002\0002\000\040\000P\000a\000r\000a\000m\000e\000t\000e\000r\000s}{subsection.5.1.3}% 44
\BOOKMARK [3][-]{subsubsection.5.1.3.23}{\376\377\0005\000.\0001\000.\0003\000.\0002\0003\000\040\000R\000e\000t\000u\000r\000n\000s}{subsection.5.1.3}% 45
\BOOKMARK [3][-]{subsubsection.5.1.3.24}{\376\377\0005\000.\0001\000.\0003\000.\0002\0004\000\040\000g\000e\000t\000\137\000d\000e\000p\000l\000o\000y\000m\000e\000n\000t\000\137\000d\000i\000r\000\137\000t\000o\000\137\000m\000o\000v\000e\000\050\000\051}{subsection.5.1.3}% 46
\BOOKMARK [3][-]{subsubsection.5.1.3.25}{\376\377\0005\000.\0001\000.\0003\000.\0002\0005\000\040\000P\000a\000r\000a\000m\000e\000t\000e\000r\000s}{subsection.5.1.3}% 47
\BOOKMARK [3][-]{subsubsection.5.1.3.26}{\376\377\0005\000.\0001\000.\0003\000.\0002\0006\000\040\000g\000e\000t\000\137\000d\000i\000s\000t\000\137\000t\000o\000\137\000p\000i\000l\000l\000a\000r\000\050\000\051}{subsection.5.1.3}% 48
\BOOKMARK [3][-]{subsubsection.5.1.3.27}{\376\377\0005\000.\0001\000.\0003\000.\0002\0007\000\040\000P\000a\000r\000a\000m\000e\000t\000e\000r\000s}{subsection.5.1.3}% 49
\BOOKMARK [3][-]{subsubsection.5.1.3.28}{\376\377\0005\000.\0001\000.\0003\000.\0002\0008\000\040\000R\000e\000t\000u\000r\000n\000s}{subsection.5.1.3}% 50
\BOOKMARK [3][-]{subsubsection.5.1.3.29}{\376\377\0005\000.\0001\000.\0003\000.\0002\0009\000\040\000g\000e\000t\000\137\000d\000r\000o\000n\000e\000\137\000c\000o\000n\000t\000r\000o\000l\000\050\000\051}{subsection.5.1.3}% 51
\BOOKMARK [3][-]{subsubsection.5.1.3.30}{\376\377\0005\000.\0001\000.\0003\000.\0003\0000\000\040\000R\000e\000t\000u\000r\000n\000s}{subsection.5.1.3}% 52
\BOOKMARK [3][-]{subsubsection.5.1.3.31}{\376\377\0005\000.\0001\000.\0003\000.\0003\0001\000\040\000g\000e\000t\000\137\000l\000i\000n\000e\000\137\000e\000q\000\050\000\051}{subsection.5.1.3}% 53
\BOOKMARK [3][-]{subsubsection.5.1.3.32}{\376\377\0005\000.\0001\000.\0003\000.\0003\0002\000\040\000P\000a\000r\000a\000m\000e\000t\000e\000r\000s}{subsection.5.1.3}% 54
\BOOKMARK [3][-]{subsubsection.5.1.3.33}{\376\377\0005\000.\0001\000.\0003\000.\0003\0003\000\040\000R\000e\000t\000u\000r\000n\000s}{subsection.5.1.3}% 55
\BOOKMARK [3][-]{subsubsection.5.1.3.34}{\376\377\0005\000.\0001\000.\0003\000.\0003\0004\000\040\000g\000e\000t\000\137\000m\000o\000v\000e\000\137\000d\000i\000r\000\050\000\051}{subsection.5.1.3}% 56
\BOOKMARK [3][-]{subsubsection.5.1.3.35}{\376\377\0005\000.\0001\000.\0003\000.\0003\0005\000\040\000P\000a\000r\000a\000m\000e\000t\000e\000r\000s}{subsection.5.1.3}% 57
\BOOKMARK [3][-]{subsubsection.5.1.3.36}{\376\377\0005\000.\0001\000.\0003\000.\0003\0006\000\040\000R\000e\000t\000u\000r\000n\000s}{subsection.5.1.3}% 58
\BOOKMARK [3][-]{subsubsection.5.1.3.37}{\376\377\0005\000.\0001\000.\0003\000.\0003\0007\000\040\000g\000e\000t\000\137\000x\000\137\000d\000i\000s\000t\000\050\000\051}{subsection.5.1.3}% 59
\BOOKMARK [3][-]{subsubsection.5.1.3.38}{\376\377\0005\000.\0001\000.\0003\000.\0003\0008\000\040\000P\000a\000r\000a\000m\000e\000t\000e\000r\000s}{subsection.5.1.3}% 60
\BOOKMARK [3][-]{subsubsection.5.1.3.39}{\376\377\0005\000.\0001\000.\0003\000.\0003\0009\000\040\000R\000e\000t\000u\000r\000n\000s}{subsection.5.1.3}% 61
\BOOKMARK [3][-]{subsubsection.5.1.3.40}{\376\377\0005\000.\0001\000.\0003\000.\0004\0000\000\040\000i\000n\000t\000e\000r\000s\000e\000c\000t\000i\000o\000n\000\050\000\051}{subsection.5.1.3}% 62
\BOOKMARK [3][-]{subsubsection.5.1.3.41}{\376\377\0005\000.\0001\000.\0003\000.\0004\0001\000\040\000P\000a\000r\000a\000m\000e\000t\000e\000r\000s}{subsection.5.1.3}% 63
\BOOKMARK [3][-]{subsubsection.5.1.3.42}{\376\377\0005\000.\0001\000.\0003\000.\0004\0002\000\040\000R\000e\000t\000u\000r\000n\000s}{subsection.5.1.3}% 64
\BOOKMARK [3][-]{subsubsection.5.1.3.43}{\376\377\0005\000.\0001\000.\0003\000.\0004\0003\000\040\000s\000c\000a\000l\000e\000\137\000i\000n\000t\000e\000r\000n\000a\000l\000\137\000c\000o\000n\000t\000o\000u\000r\000\050\000\051}{subsection.5.1.3}% 65
\BOOKMARK [3][-]{subsubsection.5.1.3.44}{\376\377\0005\000.\0001\000.\0003\000.\0004\0004\000\040\000P\000a\000r\000a\000m\000e\000t\000e\000r\000s}{subsection.5.1.3}% 66
\BOOKMARK [3][-]{subsubsection.5.1.3.45}{\376\377\0005\000.\0001\000.\0003\000.\0004\0005\000\040\000R\000e\000t\000u\000r\000n\000s}{subsection.5.1.3}% 67
\BOOKMARK [3][-]{subsubsection.5.1.3.46}{\376\377\0005\000.\0001\000.\0003\000.\0004\0006\000\040\000s\000e\000p\000a\000r\000a\000t\000e\000\137\000c\000o\000n\000t\000o\000u\000r\000s\000\050\000\051}{subsection.5.1.3}% 68
\BOOKMARK [3][-]{subsubsection.5.1.3.47}{\376\377\0005\000.\0001\000.\0003\000.\0004\0007\000\040\000P\000a\000r\000a\000m\000e\000t\000e\000r\000s}{subsection.5.1.3}% 69
\BOOKMARK [3][-]{subsubsection.5.1.3.48}{\376\377\0005\000.\0001\000.\0003\000.\0004\0008\000\040\000R\000e\000t\000u\000r\000n\000s}{subsection.5.1.3}% 70
\BOOKMARK [3][-]{subsubsection.5.1.3.49}{\376\377\0005\000.\0001\000.\0003\000.\0004\0009\000\040\000s\000h\000i\000f\000t\000\137\000l\000i\000n\000e\000\137\000x\000\137\000l\000\050\000\051}{subsection.5.1.3}% 71
\BOOKMARK [3][-]{subsubsection.5.1.3.50}{\376\377\0005\000.\0001\000.\0003\000.\0005\0000\000\040\000P\000a\000r\000a\000m\000e\000t\000e\000r\000s}{subsection.5.1.3}% 72
\BOOKMARK [3][-]{subsubsection.5.1.3.51}{\376\377\0005\000.\0001\000.\0003\000.\0005\0001\000\040\000R\000e\000t\000u\000r\000n\000s}{subsection.5.1.3}% 73
\BOOKMARK [3][-]{subsubsection.5.1.3.52}{\376\377\0005\000.\0001\000.\0003\000.\0005\0002\000\040\000s\000h\000i\000f\000t\000\137\000l\000i\000n\000e\000\137\000x\000\137\000r\000\050\000\051}{subsection.5.1.3}% 74
\BOOKMARK [3][-]{subsubsection.5.1.3.53}{\376\377\0005\000.\0001\000.\0003\000.\0005\0003\000\040\000P\000a\000r\000a\000m\000e\000t\000e\000r\000s}{subsection.5.1.3}% 75
\BOOKMARK [3][-]{subsubsection.5.1.3.54}{\376\377\0005\000.\0001\000.\0003\000.\0005\0004\000\040\000R\000e\000t\000u\000r\000n\000s}{subsection.5.1.3}% 76
\BOOKMARK [3][-]{subsubsection.5.1.3.55}{\376\377\0005\000.\0001\000.\0003\000.\0005\0005\000\040\000s\000h\000i\000f\000t\000\137\000l\000i\000n\000e\000\137\000y\000\137\000b\000\050\000\051}{subsection.5.1.3}% 77
\BOOKMARK [3][-]{subsubsection.5.1.3.56}{\376\377\0005\000.\0001\000.\0003\000.\0005\0006\000\040\000P\000a\000r\000a\000m\000e\000t\000e\000r\000s}{subsection.5.1.3}% 78
\BOOKMARK [3][-]{subsubsection.5.1.3.57}{\376\377\0005\000.\0001\000.\0003\000.\0005\0007\000\040\000R\000e\000t\000u\000r\000n\000s}{subsection.5.1.3}% 79
\BOOKMARK [3][-]{subsubsection.5.1.3.58}{\376\377\0005\000.\0001\000.\0003\000.\0005\0008\000\040\000s\000h\000i\000f\000t\000\137\000l\000i\000n\000e\000\137\000y\000\137\000t\000\050\000\051}{subsection.5.1.3}% 80
\BOOKMARK [3][-]{subsubsection.5.1.3.59}{\376\377\0005\000.\0001\000.\0003\000.\0005\0009\000\040\000P\000a\000r\000a\000m\000e\000t\000e\000r\000s}{subsection.5.1.3}% 81
\BOOKMARK [3][-]{subsubsection.5.1.3.60}{\376\377\0005\000.\0001\000.\0003\000.\0006\0000\000\040\000R\000e\000t\000u\000r\000n\000s}{subsection.5.1.3}% 82
\BOOKMARK [3][-]{subsubsection.5.1.3.61}{\376\377\0005\000.\0001\000.\0003\000.\0006\0001\000\040\000s\000h\000o\000w\000\137\000w\000i\000n\000d\000o\000w\000\050\000\051}{subsection.5.1.3}% 83
\BOOKMARK [3][-]{subsubsection.5.1.3.62}{\376\377\0005\000.\0001\000.\0003\000.\0006\0002\000\040\000u\000p\000d\000a\000t\000e\000\050\000\051}{subsection.5.1.3}% 84
\BOOKMARK [3][-]{subsubsection.5.1.3.63}{\376\377\0005\000.\0001\000.\0003\000.\0006\0003\000\040\000v\000e\000r\000i\000f\000y\000\137\000d\000e\000p\000l\000o\000y\000m\000e\000n\000t\000\137\000a\000r\000e\000a\000\050\000\051}{subsection.5.1.3}% 85
\BOOKMARK [3][-]{subsubsection.5.1.3.64}{\376\377\0005\000.\0001\000.\0003\000.\0006\0004\000\040\000P\000a\000r\000a\000m\000e\000t\000e\000r\000s}{subsection.5.1.3}% 86
\BOOKMARK [2][-]{subsection.5.1.4}{\376\377\0005\000.\0001\000.\0004\000\040\000M\000e\000m\000b\000e\000r\000\040\000D\000a\000t\000a\000\040\000D\000o\000c\000u\000m\000e\000n\000t\000a\000t\000i\000o\000n}{section.5.1}% 87
\BOOKMARK [3][-]{subsubsection.5.1.4.1}{\376\377\0005\000.\0001\000.\0004\000.\0001\000\040\000a\000c\000t\000i\000v\000e\000\137\000c\000o\000n\000t\000o\000u\000r\000s}{subsection.5.1.4}% 88
\BOOKMARK [3][-]{subsubsection.5.1.4.2}{\376\377\0005\000.\0001\000.\0004\000.\0002\000\040\000a\000l\000i\000g\000n}{subsection.5.1.4}% 89
\BOOKMARK [3][-]{subsubsection.5.1.4.3}{\376\377\0005\000.\0001\000.\0004\000.\0003\000\040\000a\000l\000i\000g\000n\000e\000d\000\137\000d\000e\000p\000t\000h\000\137\000f\000r\000a\000m\000e}{subsection.5.1.4}% 90
\BOOKMARK [3][-]{subsubsection.5.1.4.4}{\376\377\0005\000.\0001\000.\0004\000.\0004\000\040\000b\000g\000\137\000r\000e\000m\000o\000v\000e\000d}{subsection.5.1.4}% 91
\BOOKMARK [3][-]{subsubsection.5.1.4.5}{\376\377\0005\000.\0001\000.\0004\000.\0005\000\040\000c\000l\000i\000p\000p\000i\000n\000g\000\137\000d\000i\000s\000t}{subsection.5.1.4}% 92
\BOOKMARK [3][-]{subsubsection.5.1.4.6}{\376\377\0005\000.\0001\000.\0004\000.\0006\000\040\000c\000o\000l\000o\000u\000r\000\137\000f\000r\000a\000m\000e}{subsection.5.1.4}% 93
\BOOKMARK [3][-]{subsubsection.5.1.4.7}{\376\377\0005\000.\0001\000.\0004\000.\0007\000\040\000c\000o\000l\000o\000u\000r\000\137\000i\000m\000a\000g\000e}{subsection.5.1.4}% 94
\BOOKMARK [3][-]{subsubsection.5.1.4.8}{\376\377\0005\000.\0001\000.\0004\000.\0008\000\040\000c\000o\000l\000o\000u\000r\000\137\000i\000n\000t\000r\000i\000n}{subsection.5.1.4}% 95
\BOOKMARK [3][-]{subsubsection.5.1.4.9}{\376\377\0005\000.\0001\000.\0004\000.\0009\000\040\000c\000o\000l\000o\000u\000r\000i\000s\000e\000d\000\137\000f\000i\000l\000t\000e\000r\000e\000d\000\137\000d\000e\000p\000t\000h}{subsection.5.1.4}% 96
\BOOKMARK [3][-]{subsubsection.5.1.4.10}{\376\377\0005\000.\0001\000.\0004\000.\0001\0000\000\040\000c\000o\000l\000o\000u\000r\000i\000s\000e\000r}{subsection.5.1.4}% 97
\BOOKMARK [3][-]{subsubsection.5.1.4.11}{\376\377\0005\000.\0001\000.\0004\000.\0001\0001\000\040\000c\000o\000n\000t\000o\000u\000r\000\137\000s\000h\000r\000i\000n\000k\000\137\000s\000f}{subsection.5.1.4}% 98
\BOOKMARK [3][-]{subsubsection.5.1.4.12}{\376\377\0005\000.\0001\000.\0004\000.\0001\0002\000\040\000d\000e\000c\000i\000m\000a\000t\000i\000o\000n}{subsection.5.1.4}% 99
\BOOKMARK [3][-]{subsubsection.5.1.4.13}{\376\377\0005\000.\0001\000.\0004\000.\0001\0003\000\040\000d\000e\000p\000l\000o\000y\000\137\000b\000l}{subsection.5.1.4}% 100
\BOOKMARK [3][-]{subsubsection.5.1.4.14}{\376\377\0005\000.\0001\000.\0004\000.\0001\0004\000\040\000d\000e\000p\000l\000o\000y\000\137\000b\000r}{subsection.5.1.4}% 101
\BOOKMARK [3][-]{subsubsection.5.1.4.15}{\376\377\0005\000.\0001\000.\0004\000.\0001\0005\000\040\000d\000e\000p\000l\000o\000y\000\137\000t\000l}{subsection.5.1.4}% 102
\BOOKMARK [3][-]{subsubsection.5.1.4.16}{\376\377\0005\000.\0001\000.\0004\000.\0001\0006\000\040\000d\000e\000p\000l\000o\000y\000\137\000t\000r}{subsection.5.1.4}% 103
\BOOKMARK [3][-]{subsubsection.5.1.4.17}{\376\377\0005\000.\0001\000.\0004\000.\0001\0007\000\040\000d\000e\000p\000l\000o\000y\000m\000e\000n\000t\000\137\000a\000r\000e\000a\000\137\000c\000o\000o\000r\000d\000i\000n\000a\000t\000e\000s}{subsection.5.1.4}% 104
\BOOKMARK [3][-]{subsubsection.5.1.4.18}{\376\377\0005\000.\0001\000.\0004\000.\0001\0008\000\040\000d\000e\000p\000l\000o\000y\000m\000e\000n\000t\000\137\000a\000r\000e\000a\000\137\000d\000i\000s\000t\000a\000n\000c\000e\000s\000\137\000m\000m}{subsection.5.1.4}% 105
\BOOKMARK [3][-]{subsubsection.5.1.4.19}{\376\377\0005\000.\0001\000.\0004\000.\0001\0009\000\040\000d\000e\000p\000l\000o\000y\000m\000e\000n\000t\000\137\000d\000i\000r\000\137\000t\000o\000\137\000m\000o\000v\000e}{subsection.5.1.4}% 106
\BOOKMARK [3][-]{subsubsection.5.1.4.20}{\376\377\0005\000.\0001\000.\0004\000.\0002\0000\000\040\000d\000e\000p\000l\000o\000y\000m\000e\000n\000t\000\137\000p\000h\000a\000s\000e}{subsection.5.1.4}% 107
\BOOKMARK [3][-]{subsubsection.5.1.4.21}{\376\377\0005\000.\0001\000.\0004\000.\0002\0001\000\040\000d\000e\000p\000t\000h\000\137\000c\000o\000l\000o\000u\000r\000\137\000e\000x\000t\000r\000i\000n}{subsection.5.1.4}% 108
\BOOKMARK [3][-]{subsubsection.5.1.4.22}{\376\377\0005\000.\0001\000.\0004\000.\0002\0002\000\040\000d\000e\000p\000t\000h\000\137\000i\000n\000t\000r\000i\000n}{subsection.5.1.4}% 109
\BOOKMARK [3][-]{subsubsection.5.1.4.23}{\376\377\0005\000.\0001\000.\0004\000.\0002\0003\000\040\000d\000e\000p\000t\000h\000\137\000s\000c\000a\000l\000e}{subsection.5.1.4}% 110
\BOOKMARK [3][-]{subsubsection.5.1.4.24}{\376\377\0005\000.\0001\000.\0004\000.\0002\0004\000\040\000d\000e\000p\000t\000h\000\137\000t\000o\000\137\000d\000i\000s\000p\000a\000r\000i\000t\000y}{subsection.5.1.4}% 111
\BOOKMARK [3][-]{subsubsection.5.1.4.25}{\376\377\0005\000.\0001\000.\0004\000.\0002\0005\000\040\000d\000i\000r\000e\000c\000t\000i\000o\000n\000\137\000t\000o\000\137\000m\000o\000v\000e}{subsection.5.1.4}% 112
\BOOKMARK [3][-]{subsubsection.5.1.4.26}{\376\377\0005\000.\0001\000.\0004\000.\0002\0006\000\040\000d\000i\000s\000p\000a\000r\000i\000t\000y\000\137\000t\000o\000\137\000d\000e\000p\000t\000h}{subsection.5.1.4}% 113
\BOOKMARK [3][-]{subsubsection.5.1.4.27}{\376\377\0005\000.\0001\000.\0004\000.\0002\0007\000\040\000d\000i\000s\000t\000a\000n\000c\000e\000\137\000f\000r\000o\000m\000\137\000p\000i\000l\000l\000a\000r}{subsection.5.1.4}% 114
\BOOKMARK [3][-]{subsubsection.5.1.4.28}{\376\377\0005\000.\0001\000.\0004\000.\0002\0008\000\040\000d\000i\000s\000t\000a\000n\000c\000e\000\137\000t\000o\000\137\000m\000o\000v\000e}{subsection.5.1.4}% 115
\BOOKMARK [3][-]{subsubsection.5.1.4.29}{\376\377\0005\000.\0001\000.\0004\000.\0002\0009\000\040\000e\000d\000g\000e\000s}{subsection.5.1.4}% 116
\BOOKMARK [3][-]{subsubsection.5.1.4.30}{\376\377\0005\000.\0001\000.\0004\000.\0003\0000\000\040\000e\000x\000t\000e\000r\000n\000a\000l\000\137\000c\000o\000n\000t\000o\000u\000r}{subsection.5.1.4}% 117
\BOOKMARK [3][-]{subsubsection.5.1.4.31}{\376\377\0005\000.\0001\000.\0004\000.\0003\0001\000\040\000h\000o\000l\000e\000\137\000f\000i\000l\000l\000i\000n\000g}{subsection.5.1.4}% 118
\BOOKMARK [3][-]{subsubsection.5.1.4.32}{\376\377\0005\000.\0001\000.\0004\000.\0003\0002\000\040\000i\000m\000a\000g\000e\000s}{subsection.5.1.4}% 119
\BOOKMARK [3][-]{subsubsection.5.1.4.33}{\376\377\0005\000.\0001\000.\0004\000.\0003\0003\000\040\000i\000n\000t\000e\000r\000n\000a\000l\000\137\000c\000o\000n\000t\000o\000u\000r}{subsection.5.1.4}% 120
\BOOKMARK [3][-]{subsubsection.5.1.4.34}{\376\377\0005\000.\0001\000.\0004\000.\0003\0004\000\040\000p\000i\000p\000e\000l\000i\000n\000e}{subsection.5.1.4}% 121
\BOOKMARK [3][-]{subsubsection.5.1.4.35}{\376\377\0005\000.\0001\000.\0004\000.\0003\0005\000\040\000p\000r\000e\000\137\000d\000e\000p\000l\000o\000y\000\137\000d\000i\000r}{subsection.5.1.4}% 122
\BOOKMARK [3][-]{subsubsection.5.1.4.36}{\376\377\0005\000.\0001\000.\0004\000.\0003\0006\000\040\000p\000r\000o\000f\000i\000l\000e}{subsection.5.1.4}% 123
\BOOKMARK [3][-]{subsubsection.5.1.4.37}{\376\377\0005\000.\0001\000.\0004\000.\0003\0007\000\040\000s\000c\000r\000e\000e\000n\000\137\000h\000e\000i\000g\000h\000t}{subsection.5.1.4}% 124
\BOOKMARK [3][-]{subsubsection.5.1.4.38}{\376\377\0005\000.\0001\000.\0004\000.\0003\0008\000\040\000s\000c\000r\000e\000e\000n\000\137\000w\000i\000d\000t\000h}{subsection.5.1.4}% 125
\BOOKMARK [3][-]{subsubsection.5.1.4.39}{\376\377\0005\000.\0001\000.\0004\000.\0003\0009\000\040\000s\000p\000a\000t\000i\000a\000l}{subsection.5.1.4}% 126
\BOOKMARK [3][-]{subsubsection.5.1.4.40}{\376\377\0005\000.\0001\000.\0004\000.\0004\0000\000\040\000t\000e\000m\000p\000o\000r\000a\000l}{subsection.5.1.4}% 127
\BOOKMARK [3][-]{subsubsection.5.1.4.41}{\376\377\0005\000.\0001\000.\0004\000.\0004\0001\000\040\000v\000e\000r\000i\000f\000i\000e\000d\000\137\000d\000e\000p\000l\000o\000y\000m\000e\000n\000t\000\137\000a\000r\000e\000a}{subsection.5.1.4}% 128
\BOOKMARK [0][-]{chapter.6}{\376\377\0006\000\040\000F\000i\000l\000e\000\040\000D\000o\000c\000u\000m\000e\000n\000t\000a\000t\000i\000o\000n}{}% 129
\BOOKMARK [1][-]{section.6.1}{\376\377\0006\000.\0001\000\040\000C\000:\000/\000U\000s\000e\000r\000s\000/\000h\000a\000r\000r\000y\000/\000O\000n\000e\000D\000r\000i\000v\000e\000/\000D\000o\000c\000u\000m\000e\000n\000t\000s\000/\000A\000e\000r\000i\000a\000l\000\137\000S\000o\000u\000r\000c\000e\000\137\000C\000o\000d\000e\000/\000M\000a\000i\000n\000.\000p\000y\000\040\000F\000i\000l\000e\000\040\000R\000e\000f\000e\000r\000e\000n\000c\000e}{chapter.6}% 130
\BOOKMARK [1][-]{section.6.2}{\376\377\0006\000.\0002\000\040\000C\000:\000/\000U\000s\000e\000r\000s\000/\000h\000a\000r\000r\000y\000/\000O\000n\000e\000D\000r\000i\000v\000e\000/\000D\000o\000c\000u\000m\000e\000n\000t\000s\000/\000A\000e\000r\000i\000a\000l\000\137\000S\000o\000u\000r\000c\000e\000\137\000C\000o\000d\000e\000/\000V\000i\000e\000w\000e\000r\000.\000p\000y\000\040\000F\000i\000l\000e\000\040\000R\000e\000f\000e\000r\000e\000n\000c\000e}{chapter.6}% 131
